Pin-Out File report for RFInerlockRTM_a
Wed Jul 27 14:01:50 2016
Quartus II 64-Bit Version 14.0.2 Build 209 09/17/2014 SJ Web Edition


---------------------
; Table of Contents ;
---------------------
  1. Legal Notice
  2. Pin-Out File



----------------
; Legal Notice ;
----------------
Copyright (C) 1991-2014 Altera Corporation. All rights reserved.
Your use of Altera Corporation's design tools, logic functions 
and other software and tools, and its AMPP partner logic 
functions, and any output files from any of the foregoing 
(including device programming or simulation files), and any 
associated documentation or information are expressly subject 
to the terms and conditions of the Altera Program License 
Subscription Agreement, the Altera Quartus II License Agreement,
the Altera MegaCore Function License Agreement, or other 
applicable license agreement, including, without limitation, 
that your use is for the sole purpose of programming logic 
devices manufactured by Altera and sold by Altera or its 
authorized distributors.  Please refer to the applicable 
agreement for further details.



+--------------+
; Pin-Out File ;
+--------------+
The pin-out file can be found in Z:/TID_AIR/Projects/MissionReadiness/RfInterlocks/Altera/RFInterlockRTM_a/output_files/RFInerlockRTM_a.pin.


