Design Assistant report for RFInerlockRTM_a
Wed Jul 27 14:40:06 2016
Quartus II 64-Bit Version 14.0.2 Build 209 09/17/2014 SJ Web Edition


---------------------
; Table of Contents ;
---------------------
  1. Legal Notice
  2. Design Assistant Summary
  3. Design Assistant Settings
  4. High Violations
  5. Medium Violations
  6. Information only Violations
  7. Design Assistant Messages



----------------
; Legal Notice ;
----------------
Copyright (C) 1991-2014 Altera Corporation. All rights reserved.
Your use of Altera Corporation's design tools, logic functions 
and other software and tools, and its AMPP partner logic 
functions, and any output files from any of the foregoing 
(including device programming or simulation files), and any 
associated documentation or information are expressly subject 
to the terms and conditions of the Altera Program License 
Subscription Agreement, the Altera Quartus II License Agreement,
the Altera MegaCore Function License Agreement, or other 
applicable license agreement, including, without limitation, 
that your use is for the sole purpose of programming logic 
devices manufactured by Altera and sold by Altera or its 
authorized distributors.  Please refer to the applicable 
agreement for further details.



+-------------------------------------------------------------------------+
; Design Assistant Summary                                                ;
+-----------------------------------+-------------------------------------+
; Design Assistant Status           ; Analyzed - Wed Jul 27 14:40:06 2016 ;
; Revision Name                     ; RFInerlockRTM_a                     ;
; Top-level Entity Name             ; RFInterlockRTM_a                    ;
; Family                            ; MAX V                               ;
; Total Critical Violations         ; 0                                   ;
; Total High Violations             ; 20                                  ;
; - Rule D101                       ; 11                                  ;
; - Rule D103                       ; 9                                   ;
; Total Medium Violations           ; 2                                   ;
; - Rule C106                       ; 1                                   ;
; - Rule D102                       ; 1                                   ;
; Total Information only Violations ; 52                                  ;
; - Rule T101                       ; 2                                   ;
; - Rule T102                       ; 50                                  ;
+-----------------------------------+-------------------------------------+


+-------------------------------------------------------------------------------------------------------------------------------------------------------------------------------------------------------------------------------------------------------------------------------------------------------------------------------------------------------------------------------------------------------------------------------------------------+
; Design Assistant Settings                                                                                                                                                                                                                                                                                                                                                                                                                       ;
+-----------------------------------------------------------------------------------------------------------------------------------------------------------------------------------------------------------------------------------------------------------------------------------------------------------------------------------------------------------------------------------------------------------------------------+--------------+----+
; Option                                                                                                                                                                                                                                                                                                                                                                                                                      ; Setting      ; To ;
+-----------------------------------------------------------------------------------------------------------------------------------------------------------------------------------------------------------------------------------------------------------------------------------------------------------------------------------------------------------------------------------------------------------------------------+--------------+----+
; Design Assistant mode                                                                                                                                                                                                                                                                                                                                                                                                       ; Post-Fitting ;    ;
; Threshold value for clock net not mapped to clock spines rule                                                                                                                                                                                                                                                                                                                                                               ; 25           ;    ;
; Minimum number of clock port feed by gated clocks                                                                                                                                                                                                                                                                                                                                                                           ; 30           ;    ;
; Minimum number of node fan-out                                                                                                                                                                                                                                                                                                                                                                                              ; 30           ;    ;
; Maximum number of nodes to report                                                                                                                                                                                                                                                                                                                                                                                           ; 50           ;    ;
; Rule C101: Gated clock should be implemented according to the Altera standard scheme                                                                                                                                                                                                                                                                                                                                        ; On           ;    ;
; Rule C102: Logic cell should not be used to generate an inverted clock signal                                                                                                                                                                                                                                                                                                                                               ; On           ;    ;
; Rule C103: Gated clock does not feed at least a pre-defined number of clock ports to effectively save power                                                                                                                                                                                                                                                                                                                 ; On           ;    ;
; Rule C104: Clock signal source should drive only clock input ports                                                                                                                                                                                                                                                                                                                                                          ; On           ;    ;
; Rule C105: Clock signal should be a global signal (You set a Design Assistant configuration rule to check for clocks with a certain number of fanouts. You specified a reporting threshold of <number> fanouts. The following clocks all contain more than <number> fanouts. You can either adjust the reporting threshold in the Design Assistant Settings page, or change the following clock signals to global signals.) ; On           ;    ;
; Rule C106: Clock signal source should not drive registers triggered by different clock edges                                                                                                                                                                                                                                                                                                                                ; On           ;    ;
; Rule R101: Combinational logic used as a reset signal should be synchronized                                                                                                                                                                                                                                                                                                                                                ; On           ;    ;
; Rule R102: External reset signals should be synchronized using two cascaded registers                                                                                                                                                                                                                                                                                                                                       ; On           ;    ;
; Rule R103: External reset signal should be correctly synchronized                                                                                                                                                                                                                                                                                                                                                           ; On           ;    ;
; Rule R104: The reset signal that is generated in one clock domain and used in another clock domain should be correctly synchronized                                                                                                                                                                                                                                                                                         ; On           ;    ;
; Rule R105: The reset signal that is generated in one clock domain and used in another clock domain should be synchronized                                                                                                                                                                                                                                                                                                   ; On           ;    ;
; Rule T101: Nodes with more than the specified number of fan-outs                                                                                                                                                                                                                                                                                                                                                            ; On           ;    ;
; Rule T102: Top nodes with the highest number of fan-outs                                                                                                                                                                                                                                                                                                                                                                    ; On           ;    ;
; Rule A101: Design should not contain combinational loops                                                                                                                                                                                                                                                                                                                                                                    ; On           ;    ;
; Rule A102: Register output should not drive its own control signal directly or through combinational logic                                                                                                                                                                                                                                                                                                                  ; On           ;    ;
; Rule A103: Design should not contain delay chains                                                                                                                                                                                                                                                                                                                                                                           ; On           ;    ;
; Rule A104: Design should not contain ripple clock structures                                                                                                                                                                                                                                                                                                                                                                ; On           ;    ;
; Rule A105: Pulses should not be implemented asynchronously                                                                                                                                                                                                                                                                                                                                                                  ; On           ;    ;
; Rule A106: Multiple pulses should not be generated in design                                                                                                                                                                                                                                                                                                                                                                ; On           ;    ;
; Rule A107: Design should not contain SR latches                                                                                                                                                                                                                                                                                                                                                                             ; On           ;    ;
; Rule A108: Design should not contain latches                                                                                                                                                                                                                                                                                                                                                                                ; On           ;    ;
; Rule S101: Output enable and input of the same tri-state node should not be driven by same signal source                                                                                                                                                                                                                                                                                                                    ; On           ;    ;
; Rule S102: Synchronous port and asynchronous port of the same register should not be driven by the same signal source                                                                                                                                                                                                                                                                                                       ; On           ;    ;
; Rule S103: More than one asynchronous port of a register should not be driven by the same signal source                                                                                                                                                                                                                                                                                                                     ; On           ;    ;
; Rule S104: Clock port and any other port of a register should not be driven by the same signal source                                                                                                                                                                                                                                                                                                                       ; On           ;    ;
; Rule D101: Data bits are not synchronized when transferred between asynchronous clock domains                                                                                                                                                                                                                                                                                                                               ; On           ;    ;
; Rule D102: Multiple data bits that are transferred across asynchronous clock domains are synchronized, but not all bits may be aligned in the receiving clock domain                                                                                                                                                                                                                                                        ; On           ;    ;
; Rule D103: Data bits are not correctly synchronized when transferred between asynchronous clock domains                                                                                                                                                                                                                                                                                                                     ; On           ;    ;
; Rule M101: Data bits are not synchronized when transferred to the state machine of asynchronous clock domains                                                                                                                                                                                                                                                                                                               ; Off          ;    ;
; Rule M102: No reset signal defined to initialize the state machine                                                                                                                                                                                                                                                                                                                                                          ; Off          ;    ;
; Rule M103: State machine should not contain an unreachable state                                                                                                                                                                                                                                                                                                                                                            ; Off          ;    ;
; Rule M104: State machine should not contain a deadlock state                                                                                                                                                                                                                                                                                                                                                                ; Off          ;    ;
; Rule M105: State machine should not contain a dead transition                                                                                                                                                                                                                                                                                                                                                               ; Off          ;    ;
+-----------------------------------------------------------------------------------------------------------------------------------------------------------------------------------------------------------------------------------------------------------------------------------------------------------------------------------------------------------------------------------------------------------------------------+--------------+----+


+--------------------------------------------------------------------------------------------------------------------------------------------------------------------------+
; High Violations                                                                                                                                                          ;
+-----------------------------------------------------------------------------------------------------------------------+--------------------------------------------------+
; Rule name                                                                                                             ; Name                                             ;
+-----------------------------------------------------------------------------------------------------------------------+--------------------------------------------------+
; Rule D101: Data bits are not synchronized when transferred between asynchronous clock domains - Structure 1           ;                                                  ;
;  Source node(s) from clock "Clock"                                                                                    ; SLEDInterface:u_Sled|SLEDStatusOut[1]            ;
;  Destination node(s) from clock "Cmd_Clk"                                                                             ; qspi:u_spi|iDout                                 ;
; Rule D101: Data bits are not synchronized when transferred between asynchronous clock domains - Structure 2           ;                                                  ;
;  Source node(s) from clock "Cmd_Clk"                                                                                  ; qspi:u_spi|Address[0]                            ;
;  Destination node(s) from clock "Clock"                                                                               ; RegIntf:u_RegIntf|ClearStats                     ;
; Rule D101: Data bits are not synchronized when transferred between asynchronous clock domains - Structure 3           ;                                                  ;
;  Source node(s) from clock "Cmd_Clk"                                                                                  ; qspi:u_spi|Address[1]                            ;
;  Destination node(s) from clock "Clock"                                                                               ; RegIntf:u_RegIntf|ClearStats                     ;
; Rule D101: Data bits are not synchronized when transferred between asynchronous clock domains - Structure 4           ;                                                  ;
;  Source node(s) from clock "Cmd_Clk"                                                                                  ; qspi:u_spi|Write_Strb                            ;
;  Destination node(s) from clock "Clock"                                                                               ; RegIntf:u_RegIntf|ClearStats                     ;
; Rule D101: Data bits are not synchronized when transferred between asynchronous clock domains - Structure 5           ;                                                  ;
;  Source node(s) from clock "Cmd_Clk"                                                                                  ; qspi:u_spi|Address[6]                            ;
;  Destination node(s) from clock "Clock"                                                                               ; RegIntf:u_RegIntf|ClearStats                     ;
; Rule D101: Data bits are not synchronized when transferred between asynchronous clock domains - Structure 6           ;                                                  ;
;  Source node(s) from clock "Cmd_Clk"                                                                                  ; qspi:u_spi|Address[5]                            ;
;  Destination node(s) from clock "Clock"                                                                               ; RegIntf:u_RegIntf|ClearStats                     ;
; Rule D101: Data bits are not synchronized when transferred between asynchronous clock domains - Structure 7           ;                                                  ;
;  Source node(s) from clock "Cmd_Clk"                                                                                  ; qspi:u_spi|Address[4]                            ;
;  Destination node(s) from clock "Clock"                                                                               ; RegIntf:u_RegIntf|ClearStats                     ;
; Rule D101: Data bits are not synchronized when transferred between asynchronous clock domains - Structure 8           ;                                                  ;
;  Source node(s) from clock "Cmd_Clk"                                                                                  ; qspi:u_spi|Address[7]                            ;
;  Destination node(s) from clock "Clock"                                                                               ; RegIntf:u_RegIntf|ClearStats                     ;
; Rule D101: Data bits are not synchronized when transferred between asynchronous clock domains - Structure 9           ;                                                  ;
;  Source node(s) from clock "Cmd_Clk"                                                                                  ; qspi:u_spi|Address[2]                            ;
;  Destination node(s) from clock "Clock"                                                                               ; RegIntf:u_RegIntf|ClearStats                     ;
; Rule D101: Data bits are not synchronized when transferred between asynchronous clock domains - Structure 10          ;                                                  ;
;  Source node(s) from clock "Cmd_Clk"                                                                                  ; qspi:u_spi|Address[3]                            ;
;  Destination node(s) from clock "Clock"                                                                               ; RegIntf:u_RegIntf|ClearStats                     ;
; Rule D101: Data bits are not synchronized when transferred between asynchronous clock domains - Structure 11          ;                                                  ;
;  Source node(s) from clock "Clock"                                                                                    ; FastFaultInterface:u_FastFault|FaultVectorOut[0] ;
;  Destination node(s) from clock "Cmd_Clk"                                                                             ; qspi:u_spi|DataOutSR[1]                          ;
; Rule D103: Data bits are not correctly synchronized when transferred between asynchronous clock domains - Structure 1 ;                                                  ;
;  Source node(s) from clock "Cmd_Clk"                                                                                  ; qspi:u_spi|Address[0]                            ;
;  Synchronizer node(s) from clock "Clock"                                                                              ; RegIntf:u_RegIntf|ClearStats                     ;
;  Synchronizer node(s) from clock "Clock"                                                                              ; SLEDInterface:u_Sled|dClrFault                   ;
; Rule D103: Data bits are not correctly synchronized when transferred between asynchronous clock domains - Structure 2 ;                                                  ;
;  Source node(s) from clock "Cmd_Clk"                                                                                  ; qspi:u_spi|Address[1]                            ;
;  Synchronizer node(s) from clock "Clock"                                                                              ; RegIntf:u_RegIntf|ClearStats                     ;
;  Synchronizer node(s) from clock "Clock"                                                                              ; SLEDInterface:u_Sled|dClrFault                   ;
; Rule D103: Data bits are not correctly synchronized when transferred between asynchronous clock domains - Structure 3 ;                                                  ;
;  Source node(s) from clock "Cmd_Clk"                                                                                  ; qspi:u_spi|Write_Strb                            ;
;  Synchronizer node(s) from clock "Clock"                                                                              ; RegIntf:u_RegIntf|ClearStats                     ;
;  Synchronizer node(s) from clock "Clock"                                                                              ; SLEDInterface:u_Sled|dClrFault                   ;
; Rule D103: Data bits are not correctly synchronized when transferred between asynchronous clock domains - Structure 4 ;                                                  ;
;  Source node(s) from clock "Cmd_Clk"                                                                                  ; qspi:u_spi|Address[6]                            ;
;  Synchronizer node(s) from clock "Clock"                                                                              ; RegIntf:u_RegIntf|ClearStats                     ;
;  Synchronizer node(s) from clock "Clock"                                                                              ; SLEDInterface:u_Sled|dClrFault                   ;
; Rule D103: Data bits are not correctly synchronized when transferred between asynchronous clock domains - Structure 5 ;                                                  ;
;  Source node(s) from clock "Cmd_Clk"                                                                                  ; qspi:u_spi|Address[5]                            ;
;  Synchronizer node(s) from clock "Clock"                                                                              ; RegIntf:u_RegIntf|ClearStats                     ;
;  Synchronizer node(s) from clock "Clock"                                                                              ; SLEDInterface:u_Sled|dClrFault                   ;
; Rule D103: Data bits are not correctly synchronized when transferred between asynchronous clock domains - Structure 6 ;                                                  ;
;  Source node(s) from clock "Cmd_Clk"                                                                                  ; qspi:u_spi|Address[4]                            ;
;  Synchronizer node(s) from clock "Clock"                                                                              ; RegIntf:u_RegIntf|ClearStats                     ;
;  Synchronizer node(s) from clock "Clock"                                                                              ; SLEDInterface:u_Sled|dClrFault                   ;
; Rule D103: Data bits are not correctly synchronized when transferred between asynchronous clock domains - Structure 7 ;                                                  ;
;  Source node(s) from clock "Cmd_Clk"                                                                                  ; qspi:u_spi|Address[7]                            ;
;  Synchronizer node(s) from clock "Clock"                                                                              ; RegIntf:u_RegIntf|ClearStats                     ;
;  Synchronizer node(s) from clock "Clock"                                                                              ; SLEDInterface:u_Sled|dClrFault                   ;
; Rule D103: Data bits are not correctly synchronized when transferred between asynchronous clock domains - Structure 8 ;                                                  ;
;  Source node(s) from clock "Cmd_Clk"                                                                                  ; qspi:u_spi|Address[2]                            ;
;  Synchronizer node(s) from clock "Clock"                                                                              ; RegIntf:u_RegIntf|ClearStats                     ;
;  Synchronizer node(s) from clock "Clock"                                                                              ; SLEDInterface:u_Sled|dClrFault                   ;
; Rule D103: Data bits are not correctly synchronized when transferred between asynchronous clock domains - Structure 9 ;                                                  ;
;  Source node(s) from clock "Cmd_Clk"                                                                                  ; qspi:u_spi|Address[3]                            ;
;  Synchronizer node(s) from clock "Clock"                                                                              ; RegIntf:u_RegIntf|ClearStats                     ;
;  Synchronizer node(s) from clock "Clock"                                                                              ; SLEDInterface:u_Sled|dClrFault                   ;
+-----------------------------------------------------------------------------------------------------------------------+--------------------------------------------------+


+-------------------------------------------------------------------------------------------------------------------------------------------------------------------------------------------------------------------+
; Medium Violations                                                                                                                                                                                                 ;
+------------------------------------------------------------------------------------------------------------------------------------------------------------------------------------+------------------------------+
; Rule name                                                                                                                                                                          ; Name                         ;
+------------------------------------------------------------------------------------------------------------------------------------------------------------------------------------+------------------------------+
; Rule C106: Clock signal source should not drive registers triggered by different clock edges                                                                                       ; Cmd_Clk                      ;
;  Positive edge destination node(s) list                                                                                                                                            ; qspi:u_spi|DataOutSR[7]      ;
;  Positive edge destination node(s) list                                                                                                                                            ; qspi:u_spi|Load              ;
;  Positive edge destination node(s) list                                                                                                                                            ; qspi:u_spi|DoutEn            ;
;  Positive edge destination node(s) list                                                                                                                                            ; qspi:u_spi|Address[0]        ;
;  Positive edge destination node(s) list                                                                                                                                            ; qspi:u_spi|Address[1]        ;
;  Positive edge destination node(s) list                                                                                                                                            ; qspi:u_spi|Address[6]        ;
;  Positive edge destination node(s) list                                                                                                                                            ; qspi:u_spi|Address[5]        ;
;  Positive edge destination node(s) list                                                                                                                                            ; qspi:u_spi|Address[4]        ;
;  Positive edge destination node(s) list                                                                                                                                            ; qspi:u_spi|Address[7]        ;
;  Positive edge destination node(s) list                                                                                                                                            ; qspi:u_spi|Address[2]        ;
;  Negative edge destination node(s) list                                                                                                                                            ; qspi:u_spi|iDout             ;
;  Negative edge destination node(s) list                                                                                                                                            ; qspi:u_spi|iDoutEn           ;
; Rule D102: Multiple data bits that are transferred across asynchronous clock domains are synchronized, but not all bits may be aligned in the receiving clock domain - Structure 1 ;                              ;
;  Source node(s) from clock "Cmd_Clk" - (Bus)                                                                                                                                       ; qspi:u_spi|Address           ;
;  Synchronizer node(s) from clock "Clock"                                                                                                                                           ; RegIntf:u_RegIntf|ClearStats ;
+------------------------------------------------------------------------------------------------------------------------------------------------------------------------------------+------------------------------+


+--------------------------------------------------------------------------------------------------------------------------------------------------------------+
; Information only Violations                                                                                                                                  ;
+------------------------------------------------------------------+---------------------------------------------------------------------------------+---------+
; Rule name                                                        ; Name                                                                            ; Fan-Out ;
+------------------------------------------------------------------+---------------------------------------------------------------------------------+---------+
; Rule T101: Nodes with more than the specified number of fan-outs ; Cmd_Clk                                                                         ; 36      ;
; Rule T101: Nodes with more than the specified number of fan-outs ; Clock                                                                           ; 137     ;
; Rule T102: Top nodes with the highest number of fan-outs         ; Clock                                                                           ; 137     ;
; Rule T102: Top nodes with the highest number of fan-outs         ; Cmd_Clk                                                                         ; 36      ;
; Rule T102: Top nodes with the highest number of fan-outs         ; ClkEn_Gen:u_clkDiv|iClk1KhzEn                                                   ; 21      ;
; Rule T102: Top nodes with the highest number of fan-outs         ; RegIntf:u_RegIntf|ClearStats                                                    ; 18      ;
; Rule T102: Top nodes with the highest number of fan-outs         ; FastFaultInterface:u_FastFault|DeBouncer:\latchFastFaults:4:DeBounce|DbOut      ; 13      ;
; Rule T102: Top nodes with the highest number of fan-outs         ; qspi:u_spi|QSPI_State.Readt                                                     ; 11      ;
; Rule T102: Top nodes with the highest number of fan-outs         ; qspi:u_spi|Address[7]~0                                                         ; 11      ;
; Rule T102: Top nodes with the highest number of fan-outs         ; qspi:u_spi|QSPI_State.Idle                                                      ; 10      ;
; Rule T102: Top nodes with the highest number of fan-outs         ; qspi:u_spi|DInSr[1]~0                                                           ; 10      ;
; Rule T102: Top nodes with the highest number of fan-outs         ; SLEDInterface:u_Sled|SLEDTo_p~0                                                 ; 10      ;
; Rule T102: Top nodes with the highest number of fan-outs         ; RegIntf:u_RegIntf|Mux9~2                                                        ; 9       ;
; Rule T102: Top nodes with the highest number of fan-outs         ; SLEDInterface:u_Sled|TimeOutCntr[1]~16                                          ; 8       ;
; Rule T102: Top nodes with the highest number of fan-outs         ; qspi:u_spi|Equal0~0                                                             ; 8       ;
; Rule T102: Top nodes with the highest number of fan-outs         ; FastFaultInterface:u_FastFault|BeamUnderCntr[3]~16                              ; 8       ;
; Rule T102: Top nodes with the highest number of fan-outs         ; Cmd_SDI                                                                         ; 7       ;
; Rule T102: Top nodes with the highest number of fan-outs         ; SLEDInterface:u_Sled|DeBouncer:\latchSled:0:DeBounce|DbOut                      ; 7       ;
; Rule T102: Top nodes with the highest number of fan-outs         ; SLEDInterface:u_Sled|DeBouncer:\latchSled:5:DeBounce|DbOut                      ; 6       ;
; Rule T102: Top nodes with the highest number of fan-outs         ; qspi:u_spi|Selector25~0                                                         ; 6       ;
; Rule T102: Top nodes with the highest number of fan-outs         ; qspi:u_spi|QSPI_State.CMDIn                                                     ; 6       ;
; Rule T102: Top nodes with the highest number of fan-outs         ; ClkEn_Gen:u_clkDiv|Equal0~4                                                     ; 6       ;
; Rule T102: Top nodes with the highest number of fan-outs         ; ClkEn_Gen:u_clkDiv|Clk1khzCntr[0]                                               ; 5       ;
; Rule T102: Top nodes with the highest number of fan-outs         ; FastFaultInterface:u_FastFault|FaultVectorOut[4]~0                              ; 5       ;
; Rule T102: Top nodes with the highest number of fan-outs         ; ClkEn_Gen:u_clkDiv|Add0~77                                                      ; 5       ;
; Rule T102: Top nodes with the highest number of fan-outs         ; ClkEn_Gen:u_clkDiv|iClk10KhzEn                                                  ; 5       ;
; Rule T102: Top nodes with the highest number of fan-outs         ; qspi:u_spi|Counter[0]                                                           ; 5       ;
; Rule T102: Top nodes with the highest number of fan-outs         ; ClkEn_Gen:u_clkDiv|Add0~42                                                      ; 5       ;
; Rule T102: Top nodes with the highest number of fan-outs         ; FastFaultInterface:u_FastFault|DeBouncer:\latchFastFaults:1:DeBounce|counter[0] ; 4       ;
; Rule T102: Top nodes with the highest number of fan-outs         ; FastFaultInterface:u_FastFault|DeBouncer:\latchFastFaults:3:DeBounce|counter[0] ; 4       ;
; Rule T102: Top nodes with the highest number of fan-outs         ; SLEDInterface:u_Sled|DeBouncer:\latchSled:2:DeBounce|counter[0]                 ; 4       ;
; Rule T102: Top nodes with the highest number of fan-outs         ; FastFaultInterface:u_FastFault|DeBouncer:\latchFastFaults:4:DeBounce|counter[0] ; 4       ;
; Rule T102: Top nodes with the highest number of fan-outs         ; ClkEn_Gen:u_clkDiv|Clk1khzCntr[2]                                               ; 4       ;
; Rule T102: Top nodes with the highest number of fan-outs         ; SLEDInterface:u_Sled|Tuning                                                     ; 4       ;
; Rule T102: Top nodes with the highest number of fan-outs         ; SLEDInterface:u_Sled|DbSLEDTuned                                                ; 4       ;
; Rule T102: Top nodes with the highest number of fan-outs         ; ClkEn_Gen:u_clkDiv|Clk1khzCntr[1]                                               ; 4       ;
; Rule T102: Top nodes with the highest number of fan-outs         ; SLEDInterface:u_Sled|DeTuning                                                   ; 4       ;
; Rule T102: Top nodes with the highest number of fan-outs         ; SLEDInterface:u_Sled|DeBouncer:\latchSled:3:DeBounce|counter[3]~6               ; 4       ;
; Rule T102: Top nodes with the highest number of fan-outs         ; SLEDInterface:u_Sled|DeBouncer:\latchSled:1:DeBounce|counter[0]                 ; 4       ;
; Rule T102: Top nodes with the highest number of fan-outs         ; SLEDInterface:u_Sled|DeBouncer:\latchSled:5:DeBounce|counter[0]                 ; 4       ;
; Rule T102: Top nodes with the highest number of fan-outs         ; SLEDInterface:u_Sled|DeBouncer:\latchSled:1:DeBounce|counter[3]~6               ; 4       ;
; Rule T102: Top nodes with the highest number of fan-outs         ; FastFaultInterface:u_FastFault|DeBouncer:\latchFastFaults:1:DeBounce|Equal1~0   ; 4       ;
; Rule T102: Top nodes with the highest number of fan-outs         ; FastFaultInterface:u_FastFault|DeBouncer:\latchFastFaults:3:DeBounce|Equal1~0   ; 4       ;
; Rule T102: Top nodes with the highest number of fan-outs         ; FastFaultInterface:u_FastFault|DeBouncer:\latchFastFaults:0:DeBounce|counter[0] ; 4       ;
; Rule T102: Top nodes with the highest number of fan-outs         ; qspi:u_spi|QSPI_State.Read1                                                     ; 4       ;
; Rule T102: Top nodes with the highest number of fan-outs         ; FastFaultInterface:u_FastFault|DeBouncer:\latchFastFaults:4:DeBounce|Equal1~0   ; 4       ;
; Rule T102: Top nodes with the highest number of fan-outs         ; SLEDInterface:u_Sled|DeBouncer:\latchSled:1:DeBounce|DbOut                      ; 4       ;
; Rule T102: Top nodes with the highest number of fan-outs         ; qspi:u_spi|Counter[1]                                                           ; 4       ;
; Rule T102: Top nodes with the highest number of fan-outs         ; SLEDInterface:u_Sled|DeBouncer:\latchSled:0:DeBounce|counter[3]~6               ; 4       ;
; Rule T102: Top nodes with the highest number of fan-outs         ; SLEDInterface:u_Sled|DeBouncer:\latchSled:2:DeBounce|counter[3]~6               ; 4       ;
; Rule T102: Top nodes with the highest number of fan-outs         ; SLEDInterface:u_Sled|DeBouncer:\latchSled:0:DeBounce|counter[0]                 ; 4       ;
; Rule T102: Top nodes with the highest number of fan-outs         ; FastFaultInterface:u_FastFault|DeBouncer:\latchFastFaults:2:DeBounce|Equal1~0   ; 4       ;
+------------------------------------------------------------------+---------------------------------------------------------------------------------+---------+


+---------------------------+
; Design Assistant Messages ;
+---------------------------+
Info: *******************************************************************
Info: Running Quartus II 64-Bit Design Assistant
    Info: Version 14.0.2 Build 209 09/17/2014 SJ Web Edition
    Info: Processing started: Wed Jul 27 14:40:06 2016
Info: Command: quartus_drc --read_settings_files=on --write_settings_files=off RFInerlockRTM_a -c RFInerlockRTM_a
Info (332104): Reading SDC File: 'RFInerlockRTM_a.sdc'
Warning (332060): Node: Clock was determined to be a clock but was found without an associated clock assignment.
    Info (13166): Register SLEDInterface:u_Sled|Tuning is being clocked by Clock
Warning (332060): Node: Cmd_Clk was determined to be a clock but was found without an associated clock assignment.
    Info (13166): Register qspi:u_spi|iDout is being clocked by Cmd_Clk
Warning (332061): Virtual clock Clock is never referenced in any input or output delay assignment.
Warning (332061): Virtual clock Cmd_Clk is never referenced in any input or output delay assignment.
Critical Warning (308060): (High) Rule D101: Data bits are not synchronized when transferred between asynchronous clock domains. (Value defined:2). Found 11 asynchronous clock domain interface structure(s) related to this rule.
    Critical Warning (308012): Node  "SLEDInterface:u_Sled|SLEDStatusOut[1]"
    Critical Warning (308012): Node  "qspi:u_spi|Address[0]"
    Critical Warning (308012): Node  "qspi:u_spi|Address[1]"
    Critical Warning (308012): Node  "qspi:u_spi|Write_Strb"
    Critical Warning (308012): Node  "qspi:u_spi|Address[6]"
    Critical Warning (308012): Node  "qspi:u_spi|Address[5]"
    Critical Warning (308012): Node  "qspi:u_spi|Address[4]"
    Critical Warning (308012): Node  "qspi:u_spi|Address[7]"
    Critical Warning (308012): Node  "qspi:u_spi|Address[2]"
    Critical Warning (308012): Node  "qspi:u_spi|Address[3]"
    Critical Warning (308012): Node  "FastFaultInterface:u_FastFault|FaultVectorOut[0]"
Critical Warning (308067): (High) Rule D103: Data bits are not correctly synchronized when transferred between asynchronous clock domains. (Value defined:2). Found 9 asynchronous clock domain interface structure(s) related to this rule.
    Critical Warning (308012): Node  "qspi:u_spi|Address[0]"
    Critical Warning (308012): Node  "qspi:u_spi|Address[1]"
    Critical Warning (308012): Node  "qspi:u_spi|Write_Strb"
    Critical Warning (308012): Node  "qspi:u_spi|Address[6]"
    Critical Warning (308012): Node  "qspi:u_spi|Address[5]"
    Critical Warning (308012): Node  "qspi:u_spi|Address[4]"
    Critical Warning (308012): Node  "qspi:u_spi|Address[7]"
    Critical Warning (308012): Node  "qspi:u_spi|Address[2]"
    Critical Warning (308012): Node  "qspi:u_spi|Address[3]"
Warning (308022): (Medium) Rule C106: Clock signal source should not drive registers triggered by different clock edges. Found 1 node(s) related to this rule.
    Warning (308010): Node  "Cmd_Clk"
Warning (308071): (Medium) Rule D102: Multiple data bits that are transferred across asynchronous clock domains are synchronized, but not all bits may be aligned in the receiving clock domain. (Value defined:2). Found 1 asynchronous clock domain interface structure(s) related to this rule.
    Warning (308010): Node  "qspi:u_spi|Address (Bus)"
Info (308046): (Information) Rule T101: Nodes with more than the specified number of fan-outs. (Value defined:30). Found 2 node(s) with highest fan-out.
    Info (308011): Node  "Cmd_Clk"
    Info (308011): Node  "Clock"
Info (308044): (Information) Rule T102: Top nodes with the highest number of fan-outs. (Value defined:50). Found 50 node(s) with highest fan-out.
    Info (308011): Node  "Clock"
    Info (308011): Node  "Cmd_Clk"
    Info (308011): Node  "ClkEn_Gen:u_clkDiv|iClk1KhzEn"
    Info (308011): Node  "RegIntf:u_RegIntf|ClearStats"
    Info (308011): Node  "FastFaultInterface:u_FastFault|DeBouncer:\latchFastFaults:4:DeBounce|DbOut"
    Info (308011): Node  "qspi:u_spi|QSPI_State.Readt"
    Info (308011): Node  "qspi:u_spi|Address[7]~0"
    Info (308011): Node  "qspi:u_spi|QSPI_State.Idle"
    Info (308011): Node  "qspi:u_spi|DInSr[1]~0"
    Info (308011): Node  "SLEDInterface:u_Sled|SLEDTo_p~0"
    Info (308011): Node  "RegIntf:u_RegIntf|Mux9~2"
    Info (308011): Node  "SLEDInterface:u_Sled|TimeOutCntr[1]~16"
    Info (308011): Node  "qspi:u_spi|Equal0~0"
    Info (308011): Node  "FastFaultInterface:u_FastFault|BeamUnderCntr[3]~16"
    Info (308011): Node  "Cmd_SDI"
    Info (308011): Node  "SLEDInterface:u_Sled|DeBouncer:\latchSled:0:DeBounce|DbOut"
    Info (308011): Node  "SLEDInterface:u_Sled|DeBouncer:\latchSled:5:DeBounce|DbOut"
    Info (308011): Node  "qspi:u_spi|Selector25~0"
    Info (308011): Node  "qspi:u_spi|QSPI_State.CMDIn"
    Info (308011): Node  "ClkEn_Gen:u_clkDiv|Equal0~4"
    Info (308011): Node  "ClkEn_Gen:u_clkDiv|Clk1khzCntr[0]"
    Info (308011): Node  "FastFaultInterface:u_FastFault|FaultVectorOut[4]~0"
    Info (308011): Node  "ClkEn_Gen:u_clkDiv|Add0~77"
    Info (308011): Node  "ClkEn_Gen:u_clkDiv|iClk10KhzEn"
    Info (308011): Node  "qspi:u_spi|Counter[0]"
    Info (308011): Node  "ClkEn_Gen:u_clkDiv|Add0~42"
    Info (308011): Node  "FastFaultInterface:u_FastFault|DeBouncer:\latchFastFaults:1:DeBounce|counter[0]"
    Info (308011): Node  "FastFaultInterface:u_FastFault|DeBouncer:\latchFastFaults:3:DeBounce|counter[0]"
    Info (308011): Node  "SLEDInterface:u_Sled|DeBouncer:\latchSled:2:DeBounce|counter[0]"
    Info (308011): Node  "FastFaultInterface:u_FastFault|DeBouncer:\latchFastFaults:4:DeBounce|counter[0]"
    Info (308002): Truncated list of Design Assistant messages to 30 messages. Go to sections under Design Assistant section of Compilation Report for complete lists of Design Assistant messages generated.
Info (308007): Design Assistant information: finished post-fitting analysis of current design -- generated 52 information messages and 22 warning messages
Info: Quartus II 64-Bit Design Assistant was successful. 0 errors, 30 warnings
    Info: Peak virtual memory: 420 megabytes
    Info: Processing ended: Wed Jul 27 14:40:06 2016
    Info: Elapsed time: 00:00:00
    Info: Total CPU time (on all processors): 00:00:01


